Determining if the pthread_create exist failed with the following output:
Change Dir: /home/bryant/HackRPI2014/roomba_workspace/build/CMakeFiles/CMakeTmp

Run Build Command:/usr/bin/make "cmTryCompileExec1543341500/fast"
/usr/bin/make -f CMakeFiles/cmTryCompileExec1543341500.dir/build.make CMakeFiles/cmTryCompileExec1543341500.dir/build
make[1]: Entering directory `/home/bryant/HackRPI2014/roomba_workspace/build/CMakeFiles/CMakeTmp'
/usr/bin/cmake -E cmake_progress_report /home/bryant/HackRPI2014/roomba_workspace/build/CMakeFiles/CMakeTmp/CMakeFiles 1
Building C object CMakeFiles/cmTryCompileExec1543341500.dir/CheckSymbolExists.c.o
/usr/bin/cc    -o CMakeFiles/cmTryCompileExec1543341500.dir/CheckSymbolExists.c.o   -c /home/bryant/HackRPI2014/roomba_workspace/build/CMakeFiles/CMakeTmp/CheckSymbolExists.c
Linking C executable cmTryCompileExec1543341500
/usr/bin/cmake -E cmake_link_script CMakeFiles/cmTryCompileExec1543341500.dir/link.txt --verbose=1
/usr/bin/cc       CMakeFiles/cmTryCompileExec1543341500.dir/CheckSymbolExists.c.o  -o cmTryCompileExec1543341500 -rdynamic 
CMakeFiles/cmTryCompileExec1543341500.dir/CheckSymbolExists.c.o: In function `main':
CheckSymbolExists.c:(.text+0x16): undefined reference to `pthread_create'
collect2: error: ld returned 1 exit status
make[1]: Leaving directory `/home/bryant/HackRPI2014/roomba_workspace/build/CMakeFiles/CMakeTmp'
make[1]: *** [cmTryCompileExec1543341500] Error 1
make: *** [cmTryCompileExec1543341500/fast] Error 2

File /home/bryant/HackRPI2014/roomba_workspace/build/CMakeFiles/CMakeTmp/CheckSymbolExists.c:
/* */
#include <pthread.h>

int main(int argc, char** argv)
{
  (void)argv;
#ifndef pthread_create
  return ((int*)(&pthread_create))[argc];
#else
  (void)argc;
  return 0;
#endif
}

Determining if the function pthread_create exists in the pthreads failed with the following output:
Change Dir: /home/bryant/HackRPI2014/roomba_workspace/build/CMakeFiles/CMakeTmp

Run Build Command:/usr/bin/make "cmTryCompileExec2707718657/fast"
/usr/bin/make -f CMakeFiles/cmTryCompileExec2707718657.dir/build.make CMakeFiles/cmTryCompileExec2707718657.dir/build
make[1]: Entering directory `/home/bryant/HackRPI2014/roomba_workspace/build/CMakeFiles/CMakeTmp'
/usr/bin/cmake -E cmake_progress_report /home/bryant/HackRPI2014/roomba_workspace/build/CMakeFiles/CMakeTmp/CMakeFiles 1
Building C object CMakeFiles/cmTryCompileExec2707718657.dir/CheckFunctionExists.c.o
/usr/bin/cc   -DCHECK_FUNCTION_EXISTS=pthread_create   -o CMakeFiles/cmTryCompileExec2707718657.dir/CheckFunctionExists.c.o   -c /usr/share/cmake-2.8/Modules/CheckFunctionExists.c
Linking C executable cmTryCompileExec2707718657
/usr/bin/cmake -E cmake_link_script CMakeFiles/cmTryCompileExec2707718657.dir/link.txt --verbose=1
/usr/bin/cc   -DCHECK_FUNCTION_EXISTS=pthread_create    CMakeFiles/cmTryCompileExec2707718657.dir/CheckFunctionExists.c.o  -o cmTryCompileExec2707718657 -rdynamic -lpthreads 
/usr/bin/ld: cannot find -lpthreads
collect2: error: ld returned 1 exit status
make[1]: Leaving directory `/home/bryant/HackRPI2014/roomba_workspace/build/CMakeFiles/CMakeTmp'
make[1]: *** [cmTryCompileExec2707718657] Error 1
make: *** [cmTryCompileExec2707718657/fast] Error 2


